#
# There is insufficient memory for the Java Runtime Environment to continue.
# Native memory allocation (malloc) failed to allocate 253104 bytes. Error detail: Chunk::new
# Possible reasons:
#   The system is out of physical RAM or swap space
#   This process is running with CompressedOops enabled, and the Java Heap may be blocking the growth of the native heap
# Possible solutions:
#   Reduce memory load on the system
#   Increase physical memory or swap space
#   Check if swap backing store is full
#   Decrease Java heap size (-Xmx/-Xms)
#   Decrease number of Java threads
#   Decrease Java thread stack sizes (-Xss)
#   Set larger code cache with -XX:ReservedCodeCacheSize=
#   JVM is running with Unscaled Compressed Oops mode in which the Java heap is
#     placed in the first 4GB address space. The Java Heap base address is the
#     maximum limit for the native heap growth. Please use -XX:HeapBaseMinAddress
#     to set the Java Heap base and to place the Java Heap above 4GB virtual address.
# This output file may be truncated or incomplete.
#
#  Out of Memory Error (arena.cpp:168), pid=30084, tid=31416
#
# JRE version: OpenJDK Runtime Environment Temurin-21.0.8+9 (21.0.8+9) (build 21.0.8+9-LTS)
# Java VM: OpenJDK 64-Bit Server VM Temurin-21.0.8+9 (21.0.8+9-LTS, mixed mode, sharing, tiered, compressed oops, compressed class ptrs, g1 gc, windows-amd64)
# No core dump will be written. Minidumps are not enabled by default on client versions of Windows
#

---------------  S U M M A R Y ------------

Command Line: --enable-native-access=ALL-UNNAMED -Dclassworlds.conf=C:\Users\kulani.baloyi\apache-maven-3.9.10\bin\m2.conf -Dmaven.home=C:\Users\kulani.baloyi\apache-maven-3.9.10 -Dlibrary.jansi.path=C:\Users\kulani.baloyi\apache-maven-3.9.10\lib\jansi-native -Dmaven.multiModuleProjectDirectory=C:\Users\kulani.baloyi\Music\Intern Register\intern-register 1\intern-register org.codehaus.plexus.classworlds.launcher.Launcher -DskipTests package

Host: Intel(R) Core(TM) i5-10210U CPU @ 1.60GHz, 8 cores, 7G,  Windows 11 , 64 bit Build 22621 (10.0.22621.6491)
Time: Thu Feb 26 15:39:12 2026 South Africa Standard Time elapsed time: 8.124726 seconds (0d 0h 0m 8s)

---------------  T H R E A D  ---------------

Current thread (0x000002636a0126b0):  JavaThread "C2 CompilerThread0" daemon [_thread_in_native, id=31416, stack(0x000000f4bce00000,0x000000f4bcf00000) (1024K)]


Current CompileTask:
C2:8125 1636   !   4       java.lang.String::<init> (890 bytes)

Stack: [0x000000f4bce00000,0x000000f4bcf00000]
Native frames: (J=compiled Java code, j=interpreted, Vv=VM code, C=native code)
V  [jvm.dll+0x6d2449]
V  [jvm.dll+0x8ae341]
V  [jvm.dll+0x8b08be]
V  [jvm.dll+0x8b0fa3]
V  [jvm.dll+0x280c96]
V  [jvm.dll+0xc581d]
V  [jvm.dll+0xc5d53]
V  [jvm.dll+0x3b919c]
V  [jvm.dll+0x385315]
V  [jvm.dll+0x38477a]
V  [jvm.dll+0x248ed0]
V  [jvm.dll+0x2484af]
V  [jvm.dll+0x1c89ee]
V  [jvm.dll+0x257d4d]
V  [jvm.dll+0x2562ea]
V  [jvm.dll+0x3f2d16]
V  [jvm.dll+0x857e6b]
V  [jvm.dll+0x6d0b0d]
C  [ucrtbase.dll+0x29333]
C  [KERNEL32.DLL+0x1259d]
C  [ntdll.dll+0x5afb8]


---------------  P R O C E S S  ---------------

Threads class SMR info:
_java_thread_list=0x000002636f08e1a0, length=12, elements={
0x000002634b62c3b0, 0x0000026369ff6f40, 0x0000026369ff8b00, 0x0000026369ffab50,
0x0000026369ffba30, 0x0000026369ffe0a0, 0x0000026369ffe830, 0x000002636a0126b0,
0x000002636a014fc0, 0x000002636a5935d0, 0x000002636a593df0, 0x000002636f088f90
}

Java Threads: ( => current thread )
  0x000002634b62c3b0 JavaThread "main"                              [_thread_in_vm, id=16844, stack(0x000000f4bc000000,0x000000f4bc100000) (1024K)]
  0x0000026369ff6f40 JavaThread "Reference Handler"          daemon [_thread_blocked, id=6552, stack(0x000000f4bc800000,0x000000f4bc900000) (1024K)]
  0x0000026369ff8b00 JavaThread "Finalizer"                  daemon [_thread_blocked, id=31192, stack(0x000000f4bc900000,0x000000f4bca00000) (1024K)]
  0x0000026369ffab50 JavaThread "Signal Dispatcher"          daemon [_thread_blocked, id=9716, stack(0x000000f4bca00000,0x000000f4bcb00000) (1024K)]
  0x0000026369ffba30 JavaThread "Attach Listener"            daemon [_thread_blocked, id=30920, stack(0x000000f4bcb00000,0x000000f4bcc00000) (1024K)]
  0x0000026369ffe0a0 JavaThread "Service Thread"             daemon [_thread_blocked, id=1320, stack(0x000000f4bcc00000,0x000000f4bcd00000) (1024K)]
  0x0000026369ffe830 JavaThread "Monitor Deflation Thread"   daemon [_thread_blocked, id=21060, stack(0x000000f4bcd00000,0x000000f4bce00000) (1024K)]
=>0x000002636a0126b0 JavaThread "C2 CompilerThread0"         daemon [_thread_in_native, id=31416, stack(0x000000f4bce00000,0x000000f4bcf00000) (1024K)]
  0x000002636a014fc0 JavaThread "C1 CompilerThread0"         daemon [_thread_blocked, id=30076, stack(0x000000f4bcf00000,0x000000f4bd000000) (1024K)]
  0x000002636a5935d0 JavaThread "Notification Thread"        daemon [_thread_blocked, id=17760, stack(0x000000f4bd000000,0x000000f4bd100000) (1024K)]
  0x000002636a593df0 JavaThread "Common-Cleaner"             daemon [_thread_blocked, id=31252, stack(0x000000f4bd100000,0x000000f4bd200000) (1024K)]
  0x000002636f088f90 JavaThread "cleanup"                    daemon [_thread_in_native, id=27852, stack(0x000000f4bd200000,0x000000f4bd300000) (1024K)]
Total: 12

Other Threads:
  0x0000026369fdde60 VMThread "VM Thread"                           [id=31216, stack(0x000000f4bc700000,0x000000f4bc800000) (1024K)]
  0x0000026369fca0a0 WatcherThread "VM Periodic Task Thread"        [id=9228, stack(0x000000f4bc600000,0x000000f4bc700000) (1024K)]
  0x000002634d9ac570 WorkerThread "GC Thread#0"                     [id=31584, stack(0x000000f4bc100000,0x000000f4bc200000) (1024K)]
  0x000002636f852490 WorkerThread "GC Thread#1"                     [id=24604, stack(0x000000f4bd300000,0x000000f4bd400000) (1024K)]
  0x000002636f91fc10 WorkerThread "GC Thread#2"                     [id=23192, stack(0x000000f4bd400000,0x000000f4bd500000) (1024K)]
  0x000002636f91b370 WorkerThread "GC Thread#3"                     [id=9932, stack(0x000000f4bd500000,0x000000f4bd600000) (1024K)]
  0x000002636f382ac0 WorkerThread "GC Thread#4"                     [id=18932, stack(0x000000f4bd600000,0x000000f4bd700000) (1024K)]
  0x000002636f7dc330 WorkerThread "GC Thread#5"                     [id=9772, stack(0x000000f4bd700000,0x000000f4bd800000) (1024K)]
  0x000002636f7dc6d0 WorkerThread "GC Thread#6"                     [id=15620, stack(0x000000f4bd800000,0x000000f4bd900000) (1024K)]
  0x000002636f7dca70 WorkerThread "GC Thread#7"                     [id=27812, stack(0x000000f4bd900000,0x000000f4bda00000) (1024K)]
  0x000002634d9bd9e0 ConcurrentGCThread "G1 Main Marker"            [id=21940, stack(0x000000f4bc200000,0x000000f4bc300000) (1024K)]
  0x000002634d9bea90 WorkerThread "G1 Conc#0"                       [id=23288, stack(0x000000f4bc300000,0x000000f4bc400000) (1024K)]
  0x000002634da0e440 ConcurrentGCThread "G1 Refine#0"               [id=20744, stack(0x000000f4bc400000,0x000000f4bc500000) (1024K)]
  0x0000026369e98320 ConcurrentGCThread "G1 Service"                [id=31180, stack(0x000000f4bc500000,0x000000f4bc600000) (1024K)]
Total: 14

Threads with active compile tasks:
C2 CompilerThread0  8218 1636   !   4       java.lang.String::<init> (890 bytes)
Total: 1

VM state: not at safepoint (normal execution)

VM Mutex/Monitor currently owned by a thread: None

Heap address: 0x0000000085a00000, size: 1958 MB, Compressed Oops mode: 32-bit

CDS archive(s) mapped at: [0x0000026300000000-0x0000026300c80000-0x0000026300c80000), size 13107200, SharedBaseAddress: 0x0000026300000000, ArchiveRelocationMode: 1.
Compressed class space mapped at: 0x0000026301000000-0x0000026341000000, reserved size: 1073741824
Narrow klass base: 0x0000026300000000, Narrow klass shift: 0, Narrow klass range: 0x100000000

GC Precious Log:
 CardTable entry size: 512
 Card Set container configuration: InlinePtr #cards 5 size 8 Array Of Cards #cards 12 size 40 Howl #buckets 4 coarsen threshold 1843 Howl Bitmap #cards 512 size 80 coarsen threshold 460 Card regions per heap region 1 cards per card region 2048
 CPUs: 8 total, 8 available
 Memory: 7824M
 Large Page Support: Disabled
 NUMA Support: Disabled
 Compressed Oops: Enabled (32-bit)
 Heap Region Size: 1M
 Heap Min Capacity: 8M
 Heap Initial Capacity: 124M
 Heap Max Capacity: 1958M
 Pre-touch: Disabled
 Parallel Workers: 8
 Concurrent Workers: 2
 Concurrent Refinement Workers: 8
 Periodic GC: Disabled

Heap:
 garbage-first heap   total 126976K, used 22240K [0x0000000085a00000, 0x0000000100000000)
  region size 1024K, 22 young (22528K), 3 survivors (3072K)
 Metaspace       used 7355K, committed 7552K, reserved 1114112K
  class space    used 869K, committed 960K, reserved 1048576K

Heap Regions: E=young(eden), S=young(survivor), O=old, HS=humongous(starts), HC=humongous(continues), CS=collection set, F=free, TAMS=top-at-mark-start, PB=parsable bottom
|   0|0x0000000085a00000, 0x0000000085ab8000, 0x0000000085b00000| 71%| O|  |TAMS 0x0000000085a00000| PB 0x0000000085a00000| Untracked 
|   1|0x0000000085b00000, 0x0000000085b00000, 0x0000000085c00000|  0%| F|  |TAMS 0x0000000085b00000| PB 0x0000000085b00000| Untracked 
|   2|0x0000000085c00000, 0x0000000085c00000, 0x0000000085d00000|  0%| F|  |TAMS 0x0000000085c00000| PB 0x0000000085c00000| Untracked 
|   3|0x0000000085d00000, 0x0000000085d00000, 0x0000000085e00000|  0%| F|  |TAMS 0x0000000085d00000| PB 0x0000000085d00000| Untracked 
|   4|0x0000000085e00000, 0x0000000085e00000, 0x0000000085f00000|  0%| F|  |TAMS 0x0000000085e00000| PB 0x0000000085e00000| Untracked 
|   5|0x0000000085f00000, 0x0000000085f00000, 0x0000000086000000|  0%| F|  |TAMS 0x0000000085f00000| PB 0x0000000085f00000| Untracked 
|   6|0x0000000086000000, 0x0000000086000000, 0x0000000086100000|  0%| F|  |TAMS 0x0000000086000000| PB 0x0000000086000000| Untracked 
|   7|0x0000000086100000, 0x0000000086100000, 0x0000000086200000|  0%| F|  |TAMS 0x0000000086100000| PB 0x0000000086100000| Untracked 
|   8|0x0000000086200000, 0x0000000086200000, 0x0000000086300000|  0%| F|  |TAMS 0x0000000086200000| PB 0x0000000086200000| Untracked 
|   9|0x0000000086300000, 0x0000000086300000, 0x0000000086400000|  0%| F|  |TAMS 0x0000000086300000| PB 0x0000000086300000| Untracked 
|  10|0x0000000086400000, 0x0000000086400000, 0x0000000086500000|  0%| F|  |TAMS 0x0000000086400000| PB 0x0000000086400000| Untracked 
|  11|0x0000000086500000, 0x0000000086500000, 0x0000000086600000|  0%| F|  |TAMS 0x0000000086500000| PB 0x0000000086500000| Untracked 
|  12|0x0000000086600000, 0x0000000086600000, 0x0000000086700000|  0%| F|  |TAMS 0x0000000086600000| PB 0x0000000086600000| Untracked 
|  13|0x0000000086700000, 0x0000000086700000, 0x0000000086800000|  0%| F|  |TAMS 0x0000000086700000| PB 0x0000000086700000| Untracked 
|  14|0x0000000086800000, 0x0000000086800000, 0x0000000086900000|  0%| F|  |TAMS 0x0000000086800000| PB 0x0000000086800000| Untracked 
|  15|0x0000000086900000, 0x0000000086900000, 0x0000000086a00000|  0%| F|  |TAMS 0x0000000086900000| PB 0x0000000086900000| Untracked 
|  16|0x0000000086a00000, 0x0000000086a00000, 0x0000000086b00000|  0%| F|  |TAMS 0x0000000086a00000| PB 0x0000000086a00000| Untracked 
|  17|0x0000000086b00000, 0x0000000086b00000, 0x0000000086c00000|  0%| F|  |TAMS 0x0000000086b00000| PB 0x0000000086b00000| Untracked 
|  18|0x0000000086c00000, 0x0000000086c00000, 0x0000000086d00000|  0%| F|  |TAMS 0x0000000086c00000| PB 0x0000000086c00000| Untracked 
|  19|0x0000000086d00000, 0x0000000086d00000, 0x0000000086e00000|  0%| F|  |TAMS 0x0000000086d00000| PB 0x0000000086d00000| Untracked 
|  20|0x0000000086e00000, 0x0000000086e00000, 0x0000000086f00000|  0%| F|  |TAMS 0x0000000086e00000| PB 0x0000000086e00000| Untracked 
|  21|0x0000000086f00000, 0x0000000086f00000, 0x0000000087000000|  0%| F|  |TAMS 0x0000000086f00000| PB 0x0000000086f00000| Untracked 
|  22|0x0000000087000000, 0x0000000087000000, 0x0000000087100000|  0%| F|  |TAMS 0x0000000087000000| PB 0x0000000087000000| Untracked 
|  23|0x0000000087100000, 0x0000000087100000, 0x0000000087200000|  0%| F|  |TAMS 0x0000000087100000| PB 0x0000000087100000| Untracked 
|  24|0x0000000087200000, 0x0000000087200000, 0x0000000087300000|  0%| F|  |TAMS 0x0000000087200000| PB 0x0000000087200000| Untracked 
|  25|0x0000000087300000, 0x0000000087300000, 0x0000000087400000|  0%| F|  |TAMS 0x0000000087300000| PB 0x0000000087300000| Untracked 
|  26|0x0000000087400000, 0x0000000087400000, 0x0000000087500000|  0%| F|  |TAMS 0x0000000087400000| PB 0x0000000087400000| Untracked 
|  27|0x0000000087500000, 0x0000000087500000, 0x0000000087600000|  0%| F|  |TAMS 0x0000000087500000| PB 0x0000000087500000| Untracked 
|  28|0x0000000087600000, 0x0000000087600000, 0x0000000087700000|  0%| F|  |TAMS 0x0000000087600000| PB 0x0000000087600000| Untracked 
|  29|0x0000000087700000, 0x0000000087700000, 0x0000000087800000|  0%| F|  |TAMS 0x0000000087700000| PB 0x0000000087700000| Untracked 
|  30|0x0000000087800000, 0x0000000087800000, 0x0000000087900000|  0%| F|  |TAMS 0x0000000087800000| PB 0x0000000087800000| Untracked 
|  31|0x0000000087900000, 0x0000000087900000, 0x0000000087a00000|  0%| F|  |TAMS 0x0000000087900000| PB 0x0000000087900000| Untracked 
|  32|0x0000000087a00000, 0x0000000087a00000, 0x0000000087b00000|  0%| F|  |TAMS 0x0000000087a00000| PB 0x0000000087a00000| Untracked 
|  33|0x0000000087b00000, 0x0000000087b00000, 0x0000000087c00000|  0%| F|  |TAMS 0x0000000087b00000| PB 0x0000000087b00000| Untracked 
|  34|0x0000000087c00000, 0x0000000087c00000, 0x0000000087d00000|  0%| F|  |TAMS 0x0000000087c00000| PB 0x0000000087c00000| Untracked 
|  35|0x0000000087d00000, 0x0000000087d00000, 0x0000000087e00000|  0%| F|  |TAMS 0x0000000087d00000| PB 0x0000000087d00000| Untracked 
|  36|0x0000000087e00000, 0x0000000087e00000, 0x0000000087f00000|  0%| F|  |TAMS 0x0000000087e00000| PB 0x0000000087e00000| Untracked 
|  37|0x0000000087f00000, 0x0000000087f00000, 0x0000000088000000|  0%| F|  |TAMS 0x0000000087f00000| PB 0x0000000087f00000| Untracked 
|  38|0x0000000088000000, 0x0000000088000000, 0x0000000088100000|  0%| F|  |TAMS 0x0000000088000000| PB 0x0000000088000000| Untracked 
|  39|0x0000000088100000, 0x0000000088100000, 0x0000000088200000|  0%| F|  |TAMS 0x0000000088100000| PB 0x0000000088100000| Untracked 
|  40|0x0000000088200000, 0x0000000088200000, 0x0000000088300000|  0%| F|  |TAMS 0x0000000088200000| PB 0x0000000088200000| Untracked 
|  41|0x0000000088300000, 0x0000000088300000, 0x0000000088400000|  0%| F|  |TAMS 0x0000000088300000| PB 0x0000000088300000| Untracked 
|  42|0x0000000088400000, 0x0000000088400000, 0x0000000088500000|  0%| F|  |TAMS 0x0000000088400000| PB 0x0000000088400000| Untracked 
|  43|0x0000000088500000, 0x0000000088500000, 0x0000000088600000|  0%| F|  |TAMS 0x0000000088500000| PB 0x0000000088500000| Untracked 
|  44|0x0000000088600000, 0x0000000088600000, 0x0000000088700000|  0%| F|  |TAMS 0x0000000088600000| PB 0x0000000088600000| Untracked 
|  45|0x0000000088700000, 0x0000000088700000, 0x0000000088800000|  0%| F|  |TAMS 0x0000000088700000| PB 0x0000000088700000| Untracked 
|  46|0x0000000088800000, 0x0000000088800000, 0x0000000088900000|  0%| F|  |TAMS 0x0000000088800000| PB 0x0000000088800000| Untracked 
|  47|0x0000000088900000, 0x0000000088900000, 0x0000000088a00000|  0%| F|  |TAMS 0x0000000088900000| PB 0x0000000088900000| Untracked 
|  48|0x0000000088a00000, 0x0000000088a00000, 0x0000000088b00000|  0%| F|  |TAMS 0x0000000088a00000| PB 0x0000000088a00000| Untracked 
|  49|0x0000000088b00000, 0x0000000088b00000, 0x0000000088c00000|  0%| F|  |TAMS 0x0000000088b00000| PB 0x0000000088b00000| Untracked 
|  50|0x0000000088c00000, 0x0000000088c00000, 0x0000000088d00000|  0%| F|  |TAMS 0x0000000088c00000| PB 0x0000000088c00000| Untracked 
|  51|0x0000000088d00000, 0x0000000088d00000, 0x0000000088e00000|  0%| F|  |TAMS 0x0000000088d00000| PB 0x0000000088d00000| Untracked 
|  52|0x0000000088e00000, 0x0000000088e00000, 0x0000000088f00000|  0%| F|  |TAMS 0x0000000088e00000| PB 0x0000000088e00000| Untracked 
|  53|0x0000000088f00000, 0x0000000088f00000, 0x0000000089000000|  0%| F|  |TAMS 0x0000000088f00000| PB 0x0000000088f00000| Untracked 
|  54|0x0000000089000000, 0x0000000089000000, 0x0000000089100000|  0%| F|  |TAMS 0x0000000089000000| PB 0x0000000089000000| Untracked 
|  55|0x0000000089100000, 0x0000000089100000, 0x0000000089200000|  0%| F|  |TAMS 0x0000000089100000| PB 0x0000000089100000| Untracked 
|  56|0x0000000089200000, 0x0000000089200000, 0x0000000089300000|  0%| F|  |TAMS 0x0000000089200000| PB 0x0000000089200000| Untracked 
|  57|0x0000000089300000, 0x0000000089300000, 0x0000000089400000|  0%| F|  |TAMS 0x0000000089300000| PB 0x0000000089300000| Untracked 
|  58|0x0000000089400000, 0x0000000089400000, 0x0000000089500000|  0%| F|  |TAMS 0x0000000089400000| PB 0x0000000089400000| Untracked 
|  59|0x0000000089500000, 0x0000000089500000, 0x0000000089600000|  0%| F|  |TAMS 0x0000000089500000| PB 0x0000000089500000| Untracked 
|  60|0x0000000089600000, 0x0000000089600000, 0x0000000089700000|  0%| F|  |TAMS 0x0000000089600000| PB 0x0000000089600000| Untracked 
|  61|0x0000000089700000, 0x0000000089700000, 0x0000000089800000|  0%| F|  |TAMS 0x0000000089700000| PB 0x0000000089700000| Untracked 
|  62|0x0000000089800000, 0x0000000089800000, 0x0000000089900000|  0%| F|  |TAMS 0x0000000089800000| PB 0x0000000089800000| Untracked 
|  63|0x0000000089900000, 0x0000000089900000, 0x0000000089a00000|  0%| F|  |TAMS 0x0000000089900000| PB 0x0000000089900000| Untracked 
|  64|0x0000000089a00000, 0x0000000089a00000, 0x0000000089b00000|  0%| F|  |TAMS 0x0000000089a00000| PB 0x0000000089a00000| Untracked 
|  65|0x0000000089b00000, 0x0000000089b00000, 0x0000000089c00000|  0%| F|  |TAMS 0x0000000089b00000| PB 0x0000000089b00000| Untracked 
|  66|0x0000000089c00000, 0x0000000089c00000, 0x0000000089d00000|  0%| F|  |TAMS 0x0000000089c00000| PB 0x0000000089c00000| Untracked 
|  67|0x0000000089d00000, 0x0000000089d00000, 0x0000000089e00000|  0%| F|  |TAMS 0x0000000089d00000| PB 0x0000000089d00000| Untracked 
|  68|0x0000000089e00000, 0x0000000089e00000, 0x0000000089f00000|  0%| F|  |TAMS 0x0000000089e00000| PB 0x0000000089e00000| Untracked 
|  69|0x0000000089f00000, 0x0000000089f00000, 0x000000008a000000|  0%| F|  |TAMS 0x0000000089f00000| PB 0x0000000089f00000| Untracked 
|  70|0x000000008a000000, 0x000000008a000000, 0x000000008a100000|  0%| F|  |TAMS 0x000000008a000000| PB 0x000000008a000000| Untracked 
|  71|0x000000008a100000, 0x000000008a100000, 0x000000008a200000|  0%| F|  |TAMS 0x000000008a100000| PB 0x000000008a100000| Untracked 
|  72|0x000000008a200000, 0x000000008a200000, 0x000000008a300000|  0%| F|  |TAMS 0x000000008a200000| PB 0x000000008a200000| Untracked 
|  73|0x000000008a300000, 0x000000008a300000, 0x000000008a400000|  0%| F|  |TAMS 0x000000008a300000| PB 0x000000008a300000| Untracked 
|  74|0x000000008a400000, 0x000000008a400000, 0x000000008a500000|  0%| F|  |TAMS 0x000000008a400000| PB 0x000000008a400000| Untracked 
|  75|0x000000008a500000, 0x000000008a500000, 0x000000008a600000|  0%| F|  |TAMS 0x000000008a500000| PB 0x000000008a500000| Untracked 
|  76|0x000000008a600000, 0x000000008a600000, 0x000000008a700000|  0%| F|  |TAMS 0x000000008a600000| PB 0x000000008a600000| Untracked 
|  77|0x000000008a700000, 0x000000008a700000, 0x000000008a800000|  0%| F|  |TAMS 0x000000008a700000| PB 0x000000008a700000| Untracked 
|  78|0x000000008a800000, 0x000000008a800000, 0x000000008a900000|  0%| F|  |TAMS 0x000000008a800000| PB 0x000000008a800000| Untracked 
|  79|0x000000008a900000, 0x000000008a900000, 0x000000008aa00000|  0%| F|  |TAMS 0x000000008a900000| PB 0x000000008a900000| Untracked 
|  80|0x000000008aa00000, 0x000000008aa00000, 0x000000008ab00000|  0%| F|  |TAMS 0x000000008aa00000| PB 0x000000008aa00000| Untracked 
|  81|0x000000008ab00000, 0x000000008ab00000, 0x000000008ac00000|  0%| F|  |TAMS 0x000000008ab00000| PB 0x000000008ab00000| Untracked 
|  82|0x000000008ac00000, 0x000000008ac00000, 0x000000008ad00000|  0%| F|  |TAMS 0x000000008ac00000| PB 0x000000008ac00000| Untracked 
|  83|0x000000008ad00000, 0x000000008ad00000, 0x000000008ae00000|  0%| F|  |TAMS 0x000000008ad00000| PB 0x000000008ad00000| Untracked 
|  84|0x000000008ae00000, 0x000000008ae00000, 0x000000008af00000|  0%| F|  |TAMS 0x000000008ae00000| PB 0x000000008ae00000| Untracked 
|  85|0x000000008af00000, 0x000000008af00000, 0x000000008b000000|  0%| F|  |TAMS 0x000000008af00000| PB 0x000000008af00000| Untracked 
|  86|0x000000008b000000, 0x000000008b000000, 0x000000008b100000|  0%| F|  |TAMS 0x000000008b000000| PB 0x000000008b000000| Untracked 
|  87|0x000000008b100000, 0x000000008b100000, 0x000000008b200000|  0%| F|  |TAMS 0x000000008b100000| PB 0x000000008b100000| Untracked 
|  88|0x000000008b200000, 0x000000008b200000, 0x000000008b300000|  0%| F|  |TAMS 0x000000008b200000| PB 0x000000008b200000| Untracked 
|  89|0x000000008b300000, 0x000000008b300000, 0x000000008b400000|  0%| F|  |TAMS 0x000000008b300000| PB 0x000000008b300000| Untracked 
|  90|0x000000008b400000, 0x000000008b400000, 0x000000008b500000|  0%| F|  |TAMS 0x000000008b400000| PB 0x000000008b400000| Untracked 
|  91|0x000000008b500000, 0x000000008b500000, 0x000000008b600000|  0%| F|  |TAMS 0x000000008b500000| PB 0x000000008b500000| Untracked 
|  92|0x000000008b600000, 0x000000008b600000, 0x000000008b700000|  0%| F|  |TAMS 0x000000008b600000| PB 0x000000008b600000| Untracked 
|  93|0x000000008b700000, 0x000000008b700000, 0x000000008b800000|  0%| F|  |TAMS 0x000000008b700000| PB 0x000000008b700000| Untracked 
|  94|0x000000008b800000, 0x000000008b800000, 0x000000008b900000|  0%| F|  |TAMS 0x000000008b800000| PB 0x000000008b800000| Untracked 
|  95|0x000000008b900000, 0x000000008b900000, 0x000000008ba00000|  0%| F|  |TAMS 0x000000008b900000| PB 0x000000008b900000| Untracked 
|  96|0x000000008ba00000, 0x000000008ba00000, 0x000000008bb00000|  0%| F|  |TAMS 0x000000008ba00000| PB 0x000000008ba00000| Untracked 
|  97|0x000000008bb00000, 0x000000008bb00000, 0x000000008bc00000|  0%| F|  |TAMS 0x000000008bb00000| PB 0x000000008bb00000| Untracked 
|  98|0x000000008bc00000, 0x000000008bd00000, 0x000000008bd00000|100%| S|CS|TAMS 0x000000008bc00000| PB 0x000000008bc00000| Complete 
|  99|0x000000008bd00000, 0x000000008be00000, 0x000000008be00000|100%| S|CS|TAMS 0x000000008bd00000| PB 0x000000008bd00000| Complete 
| 100|0x000000008be00000, 0x000000008bf00000, 0x000000008bf00000|100%| S|CS|TAMS 0x000000008be00000| PB 0x000000008be00000| Complete 
| 101|0x000000008bf00000, 0x000000008bf00000, 0x000000008c000000|  0%| F|  |TAMS 0x000000008bf00000| PB 0x000000008bf00000| Untracked 
| 102|0x000000008c000000, 0x000000008c000000, 0x000000008c100000|  0%| F|  |TAMS 0x000000008c000000| PB 0x000000008c000000| Untracked 
| 103|0x000000008c100000, 0x000000008c100000, 0x000000008c200000|  0%| F|  |TAMS 0x000000008c100000| PB 0x000000008c100000| Untracked 
| 104|0x000000008c200000, 0x000000008c200000, 0x000000008c300000|  0%| F|  |TAMS 0x000000008c200000| PB 0x000000008c200000| Untracked 
| 105|0x000000008c300000, 0x000000008c364eb8, 0x000000008c400000| 39%| E|  |TAMS 0x000000008c300000| PB 0x000000008c300000| Complete 
| 106|0x000000008c400000, 0x000000008c500000, 0x000000008c500000|100%| E|CS|TAMS 0x000000008c400000| PB 0x000000008c400000| Complete 
| 107|0x000000008c500000, 0x000000008c600000, 0x000000008c600000|100%| E|CS|TAMS 0x000000008c500000| PB 0x000000008c500000| Complete 
| 108|0x000000008c600000, 0x000000008c700000, 0x000000008c700000|100%| E|CS|TAMS 0x000000008c600000| PB 0x000000008c600000| Complete 
| 109|0x000000008c700000, 0x000000008c800000, 0x000000008c800000|100%| E|CS|TAMS 0x000000008c700000| PB 0x000000008c700000| Complete 
| 110|0x000000008c800000, 0x000000008c900000, 0x000000008c900000|100%| E|CS|TAMS 0x000000008c800000| PB 0x000000008c800000| Complete 
| 111|0x000000008c900000, 0x000000008ca00000, 0x000000008ca00000|100%| E|CS|TAMS 0x000000008c900000| PB 0x000000008c900000| Complete 
| 112|0x000000008ca00000, 0x000000008cb00000, 0x000000008cb00000|100%| E|CS|TAMS 0x000000008ca00000| PB 0x000000008ca00000| Complete 
| 113|0x000000008cb00000, 0x000000008cc00000, 0x000000008cc00000|100%| E|CS|TAMS 0x000000008cb00000| PB 0x000000008cb00000| Complete 
| 114|0x000000008cc00000, 0x000000008cd00000, 0x000000008cd00000|100%| E|CS|TAMS 0x000000008cc00000| PB 0x000000008cc00000| Complete 
| 115|0x000000008cd00000, 0x000000008ce00000, 0x000000008ce00000|100%| E|CS|TAMS 0x000000008cd00000| PB 0x000000008cd00000| Complete 
| 116|0x000000008ce00000, 0x000000008cf00000, 0x000000008cf00000|100%| E|CS|TAMS 0x000000008ce00000| PB 0x000000008ce00000| Complete 
| 117|0x000000008cf00000, 0x000000008d000000, 0x000000008d000000|100%| E|CS|TAMS 0x000000008cf00000| PB 0x000000008cf00000| Complete 
| 118|0x000000008d000000, 0x000000008d100000, 0x000000008d100000|100%| E|CS|TAMS 0x000000008d000000| PB 0x000000008d000000| Complete 
| 119|0x000000008d100000, 0x000000008d200000, 0x000000008d200000|100%| E|CS|TAMS 0x000000008d100000| PB 0x000000008d100000| Complete 
| 120|0x000000008d200000, 0x000000008d300000, 0x000000008d300000|100%| E|CS|TAMS 0x000000008d200000| PB 0x000000008d200000| Complete 
| 121|0x000000008d300000, 0x000000008d400000, 0x000000008d400000|100%| E|CS|TAMS 0x000000008d300000| PB 0x000000008d300000| Complete 
| 122|0x000000008d400000, 0x000000008d500000, 0x000000008d500000|100%| E|CS|TAMS 0x000000008d400000| PB 0x000000008d400000| Complete 
| 123|0x000000008d500000, 0x000000008d600000, 0x000000008d600000|100%| E|CS|TAMS 0x000000008d500000| PB 0x000000008d500000| Complete 

Card table byte_map: [0x0000026365760000,0x0000026365b40000] _byte_map_base: 0x0000026365333000

Marking Bits: (CMBitMap*) 0x000002634d9aca80
 Bits: [0x0000026365b40000, 0x00000263679d8000)

Polling page: 0x000002634b910000

Metaspace:

Usage:
  Non-class:      6.35 MB used.
      Class:    873.02 KB used.
       Both:      7.20 MB used.

Virtual space:
  Non-class space:       64.00 MB reserved,       6.44 MB ( 10%) committed,  1 nodes.
      Class space:        1.00 GB reserved,     960.00 KB ( <1%) committed,  1 nodes.
             Both:        1.06 GB reserved,       7.38 MB ( <1%) committed. 

Chunk freelists:
   Non-Class:  7.94 MB
       Class:  15.08 MB
        Both:  23.02 MB

MaxMetaspaceSize: unlimited
CompressedClassSpaceSize: 1.00 GB
Initial GC threshold: 21.00 MB
Current GC threshold: 21.00 MB
CDS: on
 - commit_granule_bytes: 65536.
 - commit_granule_words: 8192.
 - virtual_space_node_default_size: 8388608.
 - enlarge_chunks_in_place: 1.
 - use_allocation_guard: 0.


Internal statistics:

num_allocs_failed_limit: 0.
num_arena_births: 58.
num_arena_deaths: 0.
num_vsnodes_births: 2.
num_vsnodes_deaths: 0.
num_space_committed: 118.
num_space_uncommitted: 0.
num_chunks_returned_to_freelist: 0.
num_chunks_taken_from_freelist: 273.
num_chunk_merges: 0.
num_chunk_splits: 186.
num_chunks_enlarged: 158.
num_inconsistent_stats: 0.

CodeHeap 'non-profiled nmethods': size=120000Kb used=641Kb max_used=641Kb free=119358Kb
 bounds [0x000002635db20000, 0x000002635dd90000, 0x0000026365050000]
CodeHeap 'profiled nmethods': size=120000Kb used=3096Kb max_used=3096Kb free=116903Kb
 bounds [0x0000026356050000, 0x0000026356360000, 0x000002635d580000]
CodeHeap 'non-nmethods': size=5760Kb used=1351Kb max_used=1386Kb free=4408Kb
 bounds [0x000002635d580000, 0x000002635d7f0000, 0x000002635db20000]
CodeCache: size=245760Kb, used=5088Kb, max_used=5123Kb, free=240669Kb
 total_blobs=2110, nmethods=1652, adapters=363, full_count=0
Compilation: enabled, stopped_count=0, restarted_count=0

Compilation events (20 events):
Event: 8.020 Thread 0x000002636a014fc0 nmethod 1631 0x0000026356346a90 code [0x0000026356346c40, 0x0000026356346da8]
Event: 8.021 Thread 0x000002636a014fc0 1632       3       sun.nio.fs.NativeBuffers::releaseNativeBuffer (97 bytes)
Event: 8.023 Thread 0x000002636a014fc0 nmethod 1632 0x0000026356346e90 code [0x0000026356347200, 0x0000026356348be0]
Event: 8.024 Thread 0x000002636a014fc0 1633       3       java.lang.invoke.LambdaForm$MH/0x0000026301008800::invoke (25 bytes)
Event: 8.025 Thread 0x000002636a014fc0 nmethod 1633 0x0000026356349290 code [0x0000026356349460, 0x00000263563499a0]
Event: 8.025 Thread 0x000002636a014fc0 1634       3       java.lang.invoke.DirectMethodHandle$Holder::invokeSpecial (15 bytes)
Event: 8.025 Thread 0x000002636a014fc0 nmethod 1634 0x0000026356349b10 code [0x0000026356349ce0, 0x000002635634a240]
Event: 8.025 Thread 0x000002636a014fc0 1635       3       com.google.common.cache.LocalCache$Segment::getLiveValue (61 bytes)
Event: 8.028 Thread 0x000002636a014fc0 nmethod 1635 0x000002635634a390 code [0x000002635634a7e0, 0x000002635634c8b8]
Event: 8.054 Thread 0x000002636a0126b0 1636   !   4       java.lang.String::<init> (890 bytes)
Event: 8.056 Thread 0x000002636a014fc0 1637       3       sun.reflect.annotation.AnnotationInvocationHandler::<init> (71 bytes)
Event: 8.058 Thread 0x000002636a014fc0 nmethod 1637 0x000002635634d310 code [0x000002635634d5a0, 0x000002635634df80]
Event: 8.058 Thread 0x000002636a014fc0 1640       3       jdk.internal.loader.URLClassPath::findResource (38 bytes)
Event: 8.058 Thread 0x000002636a014fc0 nmethod 1640 0x000002635634e390 code [0x000002635634e560, 0x000002635634e8a8]
Event: 8.058 Thread 0x000002636a014fc0 1638       3       java.lang.reflect.Proxy::newProxyInstance (35 bytes)
Event: 8.059 Thread 0x000002636a014fc0 nmethod 1638 0x000002635634ea10 code [0x000002635634ec00, 0x000002635634efd8]
Event: 8.059 Thread 0x000002636a014fc0 1639   !   3       java.lang.reflect.Proxy::newProxyInstance (75 bytes)
Event: 8.060 Thread 0x000002636a014fc0 nmethod 1639 0x000002635634f190 code [0x000002635634f420, 0x0000026356350018]
Event: 8.072 Thread 0x000002636a014fc0 1641       3       com.google.common.base.Preconditions::checkNotNull (18 bytes)
Event: 8.073 Thread 0x000002636a014fc0 nmethod 1641 0x0000026356350510 code [0x00000263563506e0, 0x00000263563508f8]

GC Heap History (2 events):
Event: 5.041 GC heap before
{Heap before GC invocations=0 (full 0):
 garbage-first heap   total 126976K, used 23552K [0x0000000085a00000, 0x0000000100000000)
  region size 1024K, 23 young (23552K), 0 survivors (0K)
 Metaspace       used 5662K, committed 5888K, reserved 1114112K
  class space    used 673K, committed 768K, reserved 1048576K
}
Event: 5.066 GC heap after
{Heap after GC invocations=1 (full 0):
 garbage-first heap   total 126976K, used 3808K [0x0000000085a00000, 0x0000000100000000)
  region size 1024K, 3 young (3072K), 3 survivors (3072K)
 Metaspace       used 5662K, committed 5888K, reserved 1114112K
  class space    used 673K, committed 768K, reserved 1048576K
}

Dll operation events (8 events):
Event: 0.028 Loaded shared library C:\Program Files\Eclipse Adoptium\jdk-21.0.8.9-hotspot\bin\java.dll
Event: 0.127 Loaded shared library C:\Program Files\Eclipse Adoptium\jdk-21.0.8.9-hotspot\bin\jsvml.dll
Event: 0.203 Loaded shared library C:\Program Files\Eclipse Adoptium\jdk-21.0.8.9-hotspot\bin\net.dll
Event: 0.211 Loaded shared library C:\Program Files\Eclipse Adoptium\jdk-21.0.8.9-hotspot\bin\nio.dll
Event: 0.224 Loaded shared library C:\Program Files\Eclipse Adoptium\jdk-21.0.8.9-hotspot\bin\zip.dll
Event: 1.296 Loaded shared library C:\Users\kulani.baloyi\apache-maven-3.9.10\lib\jansi-native\Windows\x86_64\jansi.dll
Event: 1.354 Loaded shared library C:\Program Files\Eclipse Adoptium\jdk-21.0.8.9-hotspot\bin\verify.dll
Event: 1.507 Loaded shared library C:\Program Files\Eclipse Adoptium\jdk-21.0.8.9-hotspot\bin\jimage.dll

Deoptimization events (20 events):
Event: 5.067 Thread 0x0000026369ff6f40 Uncommon trap: trap_request=0xffffff45 fr.pc=0x000002635db799a8 relative=0x0000000000000188
Event: 5.068 Thread 0x0000026369ff6f40 Uncommon trap: reason=unstable_if action=reinterpret pc=0x000002635db799a8 method=java.util.concurrent.locks.ReentrantLock$NonfairSync.initialTryLock()Z @ 25 c2
Event: 5.068 Thread 0x0000026369ff6f40 DEOPT PACKING pc=0x000002635db799a8 sp=0x000000f4bc8feeb0
Event: 5.068 Thread 0x0000026369ff6f40 DEOPT UNPACKING pc=0x000002635d5d46a2 sp=0x000000f4bc8fee50 mode 2
Event: 5.174 Thread 0x000002634b62c3b0 Uncommon trap: trap_request=0xffffffde fr.pc=0x000002635db592cc relative=0x000000000000070c
Event: 5.174 Thread 0x000002634b62c3b0 Uncommon trap: reason=class_check action=maybe_recompile pc=0x000002635db592cc method=java.util.regex.Matcher.search(I)Z @ 121 c2
Event: 5.174 Thread 0x000002634b62c3b0 DEOPT PACKING pc=0x000002635db592cc sp=0x000000f4bc0fe3b0
Event: 5.174 Thread 0x000002634b62c3b0 DEOPT UNPACKING pc=0x000002635d5d46a2 sp=0x000000f4bc0fe380 mode 2
Event: 5.177 Thread 0x000002634b62c3b0 Uncommon trap: trap_request=0xffffffde fr.pc=0x000002635db592cc relative=0x000000000000070c
Event: 5.177 Thread 0x000002634b62c3b0 Uncommon trap: reason=class_check action=maybe_recompile pc=0x000002635db592cc method=java.util.regex.Matcher.search(I)Z @ 121 c2
Event: 5.177 Thread 0x000002634b62c3b0 DEOPT PACKING pc=0x000002635db592cc sp=0x000000f4bc0fe3b0
Event: 5.177 Thread 0x000002634b62c3b0 DEOPT UNPACKING pc=0x000002635d5d46a2 sp=0x000000f4bc0fe380 mode 2
Event: 6.691 Thread 0x000002634b62c3b0 Uncommon trap: trap_request=0xffffff45 fr.pc=0x000002635dba6ff0 relative=0x0000000000000730
Event: 6.691 Thread 0x000002634b62c3b0 Uncommon trap: reason=unstable_if action=reinterpret pc=0x000002635dba6ff0 method=java.lang.String.<init>([CIILjava/lang/Void;)V @ 5 c2
Event: 6.691 Thread 0x000002634b62c3b0 DEOPT PACKING pc=0x000002635dba6ff0 sp=0x000000f4bc0fe2a0
Event: 6.691 Thread 0x000002634b62c3b0 DEOPT UNPACKING pc=0x000002635d5d46a2 sp=0x000000f4bc0fe140 mode 2
Event: 6.800 Thread 0x000002634b62c3b0 DEOPT PACKING pc=0x00000263562afc9f sp=0x000000f4bc0fe480
Event: 6.800 Thread 0x000002634b62c3b0 DEOPT UNPACKING pc=0x000002635d5d4e42 sp=0x000000f4bc0fd8f0 mode 0
Event: 7.171 Thread 0x000002634b62c3b0 DEOPT PACKING pc=0x00000263562f37fb sp=0x000000f4bc0fe480
Event: 7.171 Thread 0x000002634b62c3b0 DEOPT UNPACKING pc=0x000002635d5d4e42 sp=0x000000f4bc0fd8f0 mode 0

Classes loaded (20 events):
Event: 4.639 Loading class sun/reflect/generics/tree/TypeVariableSignature
Event: 4.639 Loading class sun/reflect/generics/tree/TypeVariableSignature done
Event: 4.757 Loading class java/lang/annotation/IncompleteAnnotationException
Event: 4.758 Loading class java/lang/annotation/IncompleteAnnotationException done
Event: 4.948 Loading class java/lang/foreign/MemorySegment
Event: 4.952 Loading class java/lang/foreign/MemorySegment done
Event: 5.179 Loading class sun/reflect/generics/reflectiveObjects/TypeVariableImpl
Event: 5.181 Loading class sun/reflect/generics/reflectiveObjects/LazyReflectiveObjectGenerator
Event: 5.184 Loading class sun/reflect/generics/reflectiveObjects/LazyReflectiveObjectGenerator done
Event: 5.184 Loading class sun/reflect/generics/reflectiveObjects/TypeVariableImpl done
Event: 5.185 Loading class sun/reflect/generics/reflectiveObjects/ParameterizedTypeImpl
Event: 5.185 Loading class sun/reflect/generics/reflectiveObjects/ParameterizedTypeImpl done
Event: 5.466 Loading class jdk/internal/foreign/MemorySessionImpl
Event: 5.474 Loading class java/lang/foreign/MemorySegment$Scope
Event: 5.475 Loading class java/lang/foreign/MemorySegment$Scope done
Event: 5.475 Loading class jdk/internal/foreign/MemorySessionImpl done
Event: 5.571 Loading class java/lang/ArrayIndexOutOfBoundsException
Event: 5.572 Loading class java/lang/ArrayIndexOutOfBoundsException done
Event: 7.557 Loading class java/lang/Deprecated
Event: 7.561 Loading class java/lang/Deprecated done

Classes unloaded (0 events):
No events

Classes redefined (0 events):
No events

Internal exceptions (20 events):
Event: 1.305 Thread 0x000002634b62c3b0 Exception <a 'java/lang/NullPointerException'{0x000000008d1e8b98}> (0x000000008d1e8b98) 
thrown [s\src\hotspot\share\interpreter\linkResolver.cpp, line 1372]
Event: 1.305 Thread 0x000002634b62c3b0 Exception <a 'java/lang/NullPointerException'{0x000000008d1e8e78}> (0x000000008d1e8e78) 
thrown [s\src\hotspot\share\interpreter\linkResolver.cpp, line 1372]
Event: 1.305 Thread 0x000002634b62c3b0 Exception <a 'java/lang/NullPointerException'{0x000000008d1e9158}> (0x000000008d1e9158) 
thrown [s\src\hotspot\share\interpreter\linkResolver.cpp, line 1372]
Event: 1.308 Thread 0x000002634b62c3b0 Exception <a 'java/lang/NullPointerException'{0x000000008d1ef1e0}> (0x000000008d1ef1e0) 
thrown [s\src\hotspot\share\interpreter\linkResolver.cpp, line 1372]
Event: 1.316 Thread 0x000002634b62c3b0 Exception <a 'java/lang/NullPointerException'{0x000000008d1fee58}> (0x000000008d1fee58) 
thrown [s\src\hotspot\share\interpreter\linkResolver.cpp, line 1372]
Event: 1.316 Thread 0x000002634b62c3b0 Exception <a 'java/lang/NullPointerException'{0x000000008d1ff138}> (0x000000008d1ff138) 
thrown [s\src\hotspot\share\interpreter\linkResolver.cpp, line 1372]
Event: 1.316 Thread 0x000002634b62c3b0 Exception <a 'java/lang/NullPointerException'{0x000000008d1ff418}> (0x000000008d1ff418) 
thrown [s\src\hotspot\share\interpreter\linkResolver.cpp, line 1372]
Event: 1.316 Thread 0x000002634b62c3b0 Exception <a 'java/lang/NullPointerException'{0x000000008d1ff6f8}> (0x000000008d1ff6f8) 
thrown [s\src\hotspot\share\interpreter\linkResolver.cpp, line 1372]
Event: 1.420 Thread 0x000002634b62c3b0 Exception <a 'java/lang/NoSuchMethodError'{0x000000008d0f3a50}: 'void java.lang.invoke.DirectMethodHandle$Holder.invokeStatic(java.lang.Object, java.lang.Object)'> (0x000000008d0f3a50) 
thrown [s\src\hotspot\share\interpreter\linkResolver.cpp, line 773]
Event: 1.421 Thread 0x000002634b62c3b0 Exception <a 'java/lang/NoSuchMethodError'{0x000000008d0f6e60}: 'void java.lang.invoke.DirectMethodHandle$Holder.invokeStaticInit(java.lang.Object, java.lang.Object)'> (0x000000008d0f6e60) 
thrown [s\src\hotspot\share\interpreter\linkResolver.cpp, line 773]
Event: 1.489 Thread 0x000002634b62c3b0 Exception <a 'java/lang/NoSuchMethodError'{0x000000008cf44df0}: 'void java.lang.invoke.DirectMethodHandle$Holder.invokeStatic(java.lang.Object, java.lang.Object, java.lang.Object)'> (0x000000008cf44df0) 
thrown [s\src\hotspot\share\interpreter\linkResolver.cpp, line 773]
Event: 1.922 Thread 0x000002634b62c3b0 Exception <a 'java/lang/NoSuchMethodError'{0x000000008cebea20}: 'java.lang.Object java.lang.invoke.DirectMethodHandle$Holder.invokeSpecialIFC(java.lang.Object, java.lang.Object, java.lang.Object, java.lang.Object)'> (0x000000008cebea20) 
thrown [s\src\hotspot\share\interpreter\linkResolver.cpp, line 773]
Event: 3.653 Thread 0x000002634b62c3b0 Exception <a 'java/lang/NoSuchMethodError'{0x000000008c8778f0}: 'void java.lang.invoke.DirectMethodHandle$Holder.invokeSpecial(java.lang.Object, java.lang.Object, java.lang.Object)'> (0x000000008c8778f0) 
thrown [s\src\hotspot\share\interpreter\linkResolver.cpp, line 773]
Event: 3.903 Thread 0x000002634b62c3b0 Exception <a 'java/lang/NoSuchMethodError'{0x000000008c7c9a78}: 'java.lang.Object java.lang.invoke.DirectMethodHandle$Holder.invokeInterface(java.lang.Object, java.lang.Object)'> (0x000000008c7c9a78) 
thrown [s\src\hotspot\share\interpreter\linkResolver.cpp, line 773]
Event: 4.019 Thread 0x000002634b62c3b0 Exception <a 'java/lang/NoSuchMethodError'{0x000000008c666d80}: 'int java.lang.invoke.DirectMethodHandle$Holder.invokeStatic(java.lang.Object, java.lang.Object, java.lang.Object, java.lang.Object)'> (0x000000008c666d80) 
thrown [s\src\hotspot\share\interpreter\linkResolver.cpp, line 773]
Event: 4.023 Thread 0x000002634b62c3b0 Exception <a 'java/lang/NoSuchMethodError'{0x000000008c66a450}: 'java.lang.Object java.lang.invoke.Invokers$Holder.invokeExact_MT(java.lang.Object, java.lang.Object, java.lang.Object, java.lang.Object, java.lang.Object, java.lang.Object)'> (0x000000008c66a450) 
thrown [s\src\hotspot\share\interpreter\linkResolver.cpp, line 773]
Event: 4.056 Thread 0x000002634b62c3b0 Exception <a 'java/lang/NoSuchMethodError'{0x000000008c6792e8}: 'int java.lang.invoke.DirectMethodHandle$Holder.invokeSpecialIFC(java.lang.Object, java.lang.Object, java.lang.Object, java.lang.Object, java.lang.Object)'> (0x000000008c6792e8) 
thrown [s\src\hotspot\share\interpreter\linkResolver.cpp, line 773]
Event: 4.457 Thread 0x000002634b62c3b0 Exception <a 'java/lang/NoSuchMethodError'{0x000000008c40c1d8}: 'java.lang.Object java.lang.invoke.DirectMethodHandle$Holder.newInvokeSpecial(java.lang.Object, java.lang.Object, java.lang.Object, java.lang.Object, java.lang.Object)'> (0x000000008c40c1d8) 
thrown [s\src\hotspot\share\interpreter\linkResolver.cpp, line 773]
Event: 4.678 Thread 0x000002634b62c3b0 Exception <a 'java/lang/NoSuchMethodError'{0x000000008c3240d0}: 'int java.lang.invoke.DirectMethodHandle$Holder.invokeStaticInit(java.lang.Object, java.lang.Object)'> (0x000000008c3240d0) 
thrown [s\src\hotspot\share\interpreter\linkResolver.cpp, line 773]
Event: 4.759 Thread 0x000002634b62c3b0 Exception <a 'java/lang/NoClassDefFoundError'{0x000000008c35aa70}: javax/enterprise/inject/Typed> (0x000000008c35aa70) 
thrown [s\src\hotspot\share\classfile\systemDictionary.cpp, line 301]

ZGC Phase Switch (0 events):
No events

VM Operations (20 events):
Event: 0.226 Executing VM operation: HandshakeAllThreads (Deoptimize)
Event: 0.227 Executing VM operation: HandshakeAllThreads (Deoptimize) done
Event: 1.227 Executing VM operation: Cleanup
Event: 1.228 Executing VM operation: Cleanup done
Event: 1.241 Executing VM operation: HandshakeAllThreads (Deoptimize)
Event: 1.241 Executing VM operation: HandshakeAllThreads (Deoptimize) done
Event: 1.523 Executing VM operation: HandshakeAllThreads (Deoptimize)
Event: 1.537 Executing VM operation: HandshakeAllThreads (Deoptimize) done
Event: 2.545 Executing VM operation: Cleanup
Event: 2.546 Executing VM operation: Cleanup done
Event: 3.553 Executing VM operation: Cleanup
Event: 3.553 Executing VM operation: Cleanup done
Event: 4.562 Executing VM operation: Cleanup
Event: 4.562 Executing VM operation: Cleanup done
Event: 5.041 Executing VM operation: G1CollectForAllocation (G1 Evacuation Pause)
Event: 5.067 Executing VM operation: G1CollectForAllocation (G1 Evacuation Pause) done
Event: 6.080 Executing VM operation: Cleanup
Event: 6.095 Executing VM operation: Cleanup done
Event: 7.099 Executing VM operation: Cleanup
Event: 7.100 Executing VM operation: Cleanup done

Memory protections (0 events):
No events

Nmethod flushes (0 events):
No events

Events (12 events):
Event: 0.074 Thread 0x000002634b62c3b0 Thread added: 0x000002634b62c3b0
Event: 0.123 Thread 0x000002634b62c3b0 Thread added: 0x0000026369ff6f40
Event: 0.123 Thread 0x000002634b62c3b0 Thread added: 0x0000026369ff8b00
Event: 0.123 Thread 0x000002634b62c3b0 Thread added: 0x0000026369ffab50
Event: 0.123 Thread 0x000002634b62c3b0 Thread added: 0x0000026369ffba30
Event: 0.124 Thread 0x000002634b62c3b0 Thread added: 0x0000026369ffe0a0
Event: 0.124 Thread 0x000002634b62c3b0 Thread added: 0x0000026369ffe830
Event: 0.124 Thread 0x000002634b62c3b0 Thread added: 0x000002636a0126b0
Event: 0.124 Thread 0x000002634b62c3b0 Thread added: 0x000002636a014fc0
Event: 0.177 Thread 0x000002634b62c3b0 Thread added: 0x000002636a5935d0
Event: 0.185 Thread 0x000002634b62c3b0 Thread added: 0x000002636a593df0
Event: 1.273 Thread 0x000002634b62c3b0 Thread added: 0x000002636f088f90


Dynamic libraries:
0x00007ff762040000 - 0x00007ff76204e000 	C:\Program Files\Eclipse Adoptium\jdk-21.0.8.9-hotspot\bin\java.exe
0x00007fff64270000 - 0x00007fff64488000 	C:\WINDOWS\SYSTEM32\ntdll.dll
0x00007fff62680000 - 0x00007fff62744000 	C:\WINDOWS\System32\KERNEL32.DLL
0x00007fff61aa0000 - 0x00007fff61e67000 	C:\WINDOWS\System32\KERNELBASE.dll
0x00007fff618c0000 - 0x00007fff619d1000 	C:\WINDOWS\System32\ucrtbase.dll
0x00007fff49e10000 - 0x00007fff49e2e000 	C:\Program Files\Eclipse Adoptium\jdk-21.0.8.9-hotspot\bin\VCRUNTIME140.dll
0x00007fff46c40000 - 0x00007fff46c58000 	C:\Program Files\Eclipse Adoptium\jdk-21.0.8.9-hotspot\bin\jli.dll
0x00007fff64070000 - 0x00007fff64221000 	C:\WINDOWS\System32\USER32.dll
0x00007fff3b6a0000 - 0x00007fff3b93c000 	C:\WINDOWS\WinSxS\amd64_microsoft.windows.common-controls_6595b64144ccf1df_6.0.22621.6060_none_2712eda17382d24b\COMCTL32.dll
0x00007fff61e70000 - 0x00007fff61e96000 	C:\WINDOWS\System32\win32u.dll
0x00007fff630f0000 - 0x00007fff63119000 	C:\WINDOWS\System32\GDI32.dll
0x00007fff620f0000 - 0x00007fff62197000 	C:\WINDOWS\System32\msvcrt.dll
0x00007fff613a0000 - 0x00007fff614bb000 	C:\WINDOWS\System32\gdi32full.dll
0x00007fff61630000 - 0x00007fff616ca000 	C:\WINDOWS\System32\msvcp_win.dll
0x00007fff636a0000 - 0x00007fff636d1000 	C:\WINDOWS\System32\IMM32.DLL
0x00007fff563a0000 - 0x00007fff563ac000 	C:\Program Files\Eclipse Adoptium\jdk-21.0.8.9-hotspot\bin\vcruntime140_1.dll
0x00007fff080e0000 - 0x00007fff0816d000 	C:\Program Files\Eclipse Adoptium\jdk-21.0.8.9-hotspot\bin\msvcp140.dll
0x00007ffea3610000 - 0x00007ffea43a7000 	C:\Program Files\Eclipse Adoptium\jdk-21.0.8.9-hotspot\bin\server\jvm.dll
0x00007fff632c0000 - 0x00007fff63371000 	C:\WINDOWS\System32\ADVAPI32.dll
0x00007fff625d0000 - 0x00007fff62678000 	C:\WINDOWS\System32\sechost.dll
0x00007fff61600000 - 0x00007fff61628000 	C:\WINDOWS\System32\bcrypt.dll
0x00007fff622b0000 - 0x00007fff623c8000 	C:\WINDOWS\System32\RPCRT4.dll
0x00007fff634b0000 - 0x00007fff63521000 	C:\WINDOWS\System32\WS2_32.dll
0x00007fff60be0000 - 0x00007fff60c2d000 	C:\WINDOWS\SYSTEM32\POWRPROF.dll
0x00007fff5eb40000 - 0x00007fff5eb4a000 	C:\WINDOWS\SYSTEM32\VERSION.dll
0x00007fff5bdc0000 - 0x00007fff5bdf4000 	C:\WINDOWS\SYSTEM32\WINMM.dll
0x00007fff60bc0000 - 0x00007fff60bd3000 	C:\WINDOWS\SYSTEM32\UMPDC.dll
0x00007fff60350000 - 0x00007fff60368000 	C:\WINDOWS\SYSTEM32\kernel.appcore.dll
0x00007fff41850000 - 0x00007fff4185a000 	C:\Program Files\Eclipse Adoptium\jdk-21.0.8.9-hotspot\bin\jimage.dll
0x00007fff5e8c0000 - 0x00007fff5eaf3000 	C:\WINDOWS\SYSTEM32\DBGHELP.DLL
0x00007fff636e0000 - 0x00007fff63a71000 	C:\WINDOWS\System32\combase.dll
0x00007fff62750000 - 0x00007fff62828000 	C:\WINDOWS\System32\OLEAUT32.dll
0x00007fff58b70000 - 0x00007fff58ba2000 	C:\WINDOWS\SYSTEM32\dbgcore.DLL
0x00007fff61ea0000 - 0x00007fff61f1b000 	C:\WINDOWS\System32\bcryptPrimitives.dll
0x00007fff2f0f0000 - 0x00007fff2f10f000 	C:\Program Files\Eclipse Adoptium\jdk-21.0.8.9-hotspot\bin\java.dll
0x00007fff62830000 - 0x00007fff630ce000 	C:\WINDOWS\System32\SHELL32.dll
0x00007fff614c0000 - 0x00007fff615ff000 	C:\WINDOWS\System32\wintypes.dll
0x00007fff5f1b0000 - 0x00007fff5fac2000 	C:\WINDOWS\SYSTEM32\windows.storage.dll
0x00007fff63380000 - 0x00007fff63484000 	C:\WINDOWS\System32\SHCORE.dll
0x00007fff63fb0000 - 0x00007fff64019000 	C:\WINDOWS\System32\shlwapi.dll
0x00007fff612d0000 - 0x00007fff612f5000 	C:\WINDOWS\SYSTEM32\profapi.dll
0x00007ffef10c0000 - 0x00007ffef1197000 	C:\Program Files\Eclipse Adoptium\jdk-21.0.8.9-hotspot\bin\jsvml.dll
0x00007fff38c90000 - 0x00007fff38ca0000 	C:\Program Files\Eclipse Adoptium\jdk-21.0.8.9-hotspot\bin\net.dll
0x00007fff5d2b0000 - 0x00007fff5d3dc000 	C:\WINDOWS\SYSTEM32\WINHTTP.dll
0x00007fff60810000 - 0x00007fff60879000 	C:\WINDOWS\system32\mswsock.dll
0x00007fff1f8f0000 - 0x00007fff1f906000 	C:\Program Files\Eclipse Adoptium\jdk-21.0.8.9-hotspot\bin\nio.dll
0x00007fff19f70000 - 0x00007fff19f88000 	C:\Program Files\Eclipse Adoptium\jdk-21.0.8.9-hotspot\bin\zip.dll
0x00007fff07ed0000 - 0x00007fff07ef4000 	C:\Users\kulani.baloyi\apache-maven-3.9.10\lib\jansi-native\Windows\x86_64\jansi.dll
0x00007fff35060000 - 0x00007fff35070000 	C:\Program Files\Eclipse Adoptium\jdk-21.0.8.9-hotspot\bin\verify.dll

JVMTI agents: none

dbghelp: loaded successfully - version: 4.0.5 - missing functions: none
symbol engine: initialized successfully - sym options: 0x614 - pdb path: .;C:\Program Files\Eclipse Adoptium\jdk-21.0.8.9-hotspot\bin;C:\WINDOWS\SYSTEM32;C:\WINDOWS\WinSxS\amd64_microsoft.windows.common-controls_6595b64144ccf1df_6.0.22621.6060_none_2712eda17382d24b;C:\Program Files\Eclipse Adoptium\jdk-21.0.8.9-hotspot\bin\server;C:\Users\kulani.baloyi\apache-maven-3.9.10\lib\jansi-native\Windows\x86_64

VM Arguments:
jvm_args: --enable-native-access=ALL-UNNAMED -Dclassworlds.conf=C:\Users\kulani.baloyi\apache-maven-3.9.10\bin\m2.conf -Dmaven.home=C:\Users\kulani.baloyi\apache-maven-3.9.10 -Dlibrary.jansi.path=C:\Users\kulani.baloyi\apache-maven-3.9.10\lib\jansi-native -Dmaven.multiModuleProjectDirectory=C:\Users\kulani.baloyi\Music\Intern Register\intern-register 1\intern-register 
java_command: org.codehaus.plexus.classworlds.launcher.Launcher -DskipTests package
java_class_path (initial): C:\Users\kulani.baloyi\apache-maven-3.9.10\boot\plexus-classworlds-2.9.0.jar
Launcher Type: SUN_STANDARD

[Global flags]
     intx CICompilerCount                          = 4                                         {product} {ergonomic}
     uint ConcGCThreads                            = 2                                         {product} {ergonomic}
     uint G1ConcRefinementThreads                  = 8                                         {product} {ergonomic}
   size_t G1HeapRegionSize                         = 1048576                                   {product} {ergonomic}
    uintx GCDrainStackTargetSize                   = 64                                        {product} {ergonomic}
   size_t InitialHeapSize                          = 130023424                                 {product} {ergonomic}
   size_t MarkStackSize                            = 4194304                                   {product} {ergonomic}
   size_t MaxHeapSize                              = 2053111808                                {product} {ergonomic}
   size_t MaxNewSize                               = 1231028224                                {product} {ergonomic}
   size_t MinHeapDeltaBytes                        = 1048576                                   {product} {ergonomic}
   size_t MinHeapSize                              = 8388608                                   {product} {ergonomic}
    uintx NonNMethodCodeHeapSize                   = 5839372                                {pd product} {ergonomic}
    uintx NonProfiledCodeHeapSize                  = 122909434                              {pd product} {ergonomic}
     bool PerfDisableSharedMem                     = true                                      {product} {ergonomic}
    uintx ProfiledCodeHeapSize                     = 122909434                              {pd product} {ergonomic}
    uintx ReservedCodeCacheSize                    = 251658240                              {pd product} {ergonomic}
     bool SegmentedCodeCache                       = true                                      {product} {ergonomic}
   size_t SoftMaxHeapSize                          = 2053111808                             {manageable} {ergonomic}
     bool UseCompressedOops                        = true                           {product lp64_product} {ergonomic}
     bool UseG1GC                                  = true                                      {product} {ergonomic}
     bool UseLargePagesIndividualAllocation        = false                                  {pd product} {ergonomic}

Logging:
Log output configuration:
 #0: stdout all=warning uptime,level,tags foldmultilines=false
 #1: stderr all=off uptime,level,tags foldmultilines=false

Environment Variables:
PATH=C:\Users\kulani.baloyi\.sbx-denybin;C:\Program Files\Eclipse Adoptium\jdk-21.0.8.9-hotspot\bin;C:\Python313\Scripts\;C:\Python313\;C:\Program Files\Common Files\Oracle\Java\javapath;C:\Program Files (x86)\Common Files\Oracle\Java\java8path;C:\Program Files (x86)\Common Files\Oracle\Java\javapath;C:\WINDOWS\system32;C:\WINDOWS;C:\WINDOWS\System32\Wbem;C:\WINDOWS\System32\WindowsPowerShell\v1.0\;C:\WINDOWS\System32\OpenSSH\;C:\ProgramData\chocolatey\bin;C:\Program Files\nodejs\;C:\Users\kulani.baloyi\apache-maven-3.9.10\bin;C:\Program Files\cursor\resources\app\bin;C:\Users\kulani.baloyi\AppData\Local\Programs\Eclipse Adoptium\jdk-21.0.7.6-hotspot\bin;C:\Users\kulani.baloyi\AppData\Local\Microsoft\WindowsApps;C:\Users\kulani.baloyi\AppData\Local\Programs\Microsoft VS Code\bin;C:\Users\kulani.baloyi\AppData\Local\Programs\Git\cmd;C:\Users\kulani.baloyi\AppData\Roaming\npm;C:\Users\kulani.baloyi\.lmstudio\bin;C:\Users\kulani.baloyi\AppData\Local\Programs\Antigravity\bin
USERNAME=Kulani.Baloyi
TERM=dumb
OS=Windows_NT
PROCESSOR_IDENTIFIER=Intel64 Family 6 Model 142 Stepping 12, GenuineIntel
TMP=C:\Users\KULANI~1.BAL\AppData\Local\Temp
TEMP=C:\Users\KULANI~1.BAL\AppData\Local\Temp




Periodic native trim disabled

---------------  S Y S T E M  ---------------

OS:
 Windows 11 , 64 bit Build 22621 (10.0.22621.6491)
OS uptime: 8 days 7:18 hours
Hyper-V role detected

CPU: total 8 (initial active 8) (4 cores per cpu, 2 threads per core) family 6 model 142 stepping 12 microcode 0xf4, cx8, cmov, fxsr, ht, mmx, 3dnowpref, sse, sse2, sse3, ssse3, sse4.1, sse4.2, popcnt, lzcnt, tsc, tscinvbit, avx, avx2, aes, erms, clmul, bmi1, bmi2, adx, fma, vzeroupper, clflush, clflushopt, hv, rdtscp, f16c
Processor Information for the first 8 processors :
  Max Mhz: 2112, Current Mhz: 1609, Mhz Limit: 1605

Memory: 4k page, system-wide physical 7824M (142M free)
TotalPageFile size 31376M (AvailPageFile size 3M)
current process WorkingSet (physical memory assigned to process): 86M, peak: 86M
current process commit charge ("private bytes"): 224M, peak: 225M

vm_info: OpenJDK 64-Bit Server VM (21.0.8+9-LTS) for windows-amd64 JRE (21.0.8+9-LTS), built on 2025-07-15T00:00:00Z by "admin" with MS VC++ 17.7 (VS2022)

END.
